<?xml version="1.0" encoding="UTF-8"?>
<!-- Generated by org.testng.reporters.JUnitXMLReporter -->
<testsuite hostname="DESKTOP-Q9J1O2G" ignored="0" name="Test2" tests="11" failures="1" timestamp="29 Mar 2019 10:25:46 GMT" time="68.428" errors="0">
  <testcase name="ReviewsPageSetup" time="12.547" classname="com.b1.qa.testcases.ReviewGUITest"/>
  <testcase name="selectAllPostingDate" time="23.854" classname="com.b1.qa.testcases.ReviewGUITest">
    <failure type="org.openqa.selenium.TimeoutException" message="Expected condition failed: waiting for visibility of element located by By.xpath: //li[starts-with(@class,&amp;apos;calendaractionitem sc-&amp;apos;)]//a[contains(text(),&amp;apos;All Time&amp;apos;)] (tried for 20 second(s) with 500 milliseconds interval)
Build info: version: &amp;apos;3.14.0&amp;apos;, revision: &amp;apos;aacccce0&amp;apos;, time: &amp;apos;2018-08-02T20:19:58.91Z&amp;apos;
System info: host: &amp;apos;DESKTOP-Q9J1O2G&amp;apos;, ip: &amp;apos;10.0.75.1&amp;apos;, os.name: &amp;apos;Windows 10&amp;apos;, os.arch: &amp;apos;amd64&amp;apos;, os.version: &amp;apos;10.0&amp;apos;, java.version: &amp;apos;1.8.0_201&amp;apos;
Driver info: org.openqa.selenium.chrome.ChromeDriver
Capabilities {acceptInsecureCerts: false, acceptSslCerts: false, applicationCacheEnabled: false, browserConnectionEnabled: false, browserName: chrome, chrome: {chromedriverVersion: 73.0.3683.68 (47787ec04b6e3..., userDataDir: C:\Users\Pramod\AppData\Loc...}, cssSelectorsEnabled: true, databaseEnabled: false, goog:chromeOptions: {debuggerAddress: localhost:51619}, handlesAlerts: true, hasTouchScreen: false, javascriptEnabled: true, locationContextEnabled: true, mobileEmulationEnabled: false, nativeEvents: true, networkConnectionEnabled: false, pageLoadStrategy: none, platform: XP, platformName: XP, proxy: Proxy(), rotatable: false, setWindowRect: true, strictFileInteractability: false, takesHeapSnapshot: true, takesScreenshot: true, timeouts: {implicit: 0, pageLoad: 300000, script: 30000}, unexpectedAlertBehaviour: ignore, unhandledPromptBehavior: ignore, version: 73.0.3683.86, webStorageEnabled: true}
Session ID: 56254fba6d93e3319f76c9b453648724">
      <![CDATA[org.openqa.selenium.TimeoutException: Expected condition failed: waiting for visibility of element located by By.xpath: //li[starts-with(@class,'calendaractionitem sc-')]//a[contains(text(),'All Time')] (tried for 20 second(s) with 500 milliseconds interval)
Build info: version: '3.14.0', revision: 'aacccce0', time: '2018-08-02T20:19:58.91Z'
System info: host: 'DESKTOP-Q9J1O2G', ip: '10.0.75.1', os.name: 'Windows 10', os.arch: 'amd64', os.version: '10.0', java.version: '1.8.0_201'
Driver info: org.openqa.selenium.chrome.ChromeDriver
Capabilities {acceptInsecureCerts: false, acceptSslCerts: false, applicationCacheEnabled: false, browserConnectionEnabled: false, browserName: chrome, chrome: {chromedriverVersion: 73.0.3683.68 (47787ec04b6e3..., userDataDir: C:\Users\Pramod\AppData\Loc...}, cssSelectorsEnabled: true, databaseEnabled: false, goog:chromeOptions: {debuggerAddress: localhost:51619}, handlesAlerts: true, hasTouchScreen: false, javascriptEnabled: true, locationContextEnabled: true, mobileEmulationEnabled: false, nativeEvents: true, networkConnectionEnabled: false, pageLoadStrategy: none, platform: XP, platformName: XP, proxy: Proxy(), rotatable: false, setWindowRect: true, strictFileInteractability: false, takesHeapSnapshot: true, takesScreenshot: true, timeouts: {implicit: 0, pageLoad: 300000, script: 30000}, unexpectedAlertBehaviour: ignore, unhandledPromptBehavior: ignore, version: 73.0.3683.86, webStorageEnabled: true}
Session ID: 56254fba6d93e3319f76c9b453648724
at org.openqa.selenium.support.ui.WebDriverWait.timeoutException(WebDriverWait.java:113)
at org.openqa.selenium.support.ui.FluentWait.until(FluentWait.java:283)
at com.b1.qa.pages.ReviewsPage.postingDate(ReviewsPage.java:169)
at com.b1.qa.testcases.ReviewGUITest.selectAllPostingDate(ReviewGUITest.java:54)
at java.util.concurrent.ThreadPoolExecutor.runWorker(Unknown Source)
at java.util.concurrent.ThreadPoolExecutor$Worker.run(Unknown Source)
at java.lang.Thread.run(Unknown Source)
... Removed 10 stack frames]]>
    </failure>
  </testcase> <!-- selectAllPostingDate -->
  <testcase name="preCannedFilter" time="2.141" classname="com.b1.qa.testcases.ReviewGUITest"/>
  <testcase name="bqlFilter" time="0.076" classname="com.b1.qa.testcases.ReviewGUITest"/>
  <testcase name="postingDateOptions" time="2.141" classname="com.b1.qa.testcases.ReviewGUITest"/>
  <testcase name="verifyReviewStatus" time="2.146" classname="com.b1.qa.testcases.ReviewGUITest"/>
  <testcase name="verifyRatings" time="2.08" classname="com.b1.qa.testcases.ReviewGUITest"/>
  <testcase name="verifySources" time="4.211" classname="com.b1.qa.testcases.ReviewGUITest"/>
  <testcase name="verifyReviewTextFilter" time="4.2" classname="com.b1.qa.testcases.ReviewGUITest"/>
  <testcase name="verifyAddFilter" time="0.024" classname="com.b1.qa.testcases.ReviewGUITest"/>
  <testcase name="verifyReviewText" time="3.407" classname="com.b1.qa.testcases.ReviewGUITest"/>
</testsuite> <!-- Test2 -->
