<html>
<head>
<title>TestNG:  Test5</title>
<link href="../testng.css" rel="stylesheet" type="text/css" />
<link href="../my-testng.css" rel="stylesheet" type="text/css" />

<style type="text/css">
.log { display: none;} 
.stack-trace { display: none;} 
</style>
<script type="text/javascript">
<!--
function flip(e) {
  current = e.style.display;
  if (current == 'block') {
    e.style.display = 'none';
    return 0;
  }
  else {
    e.style.display = 'block';
    return 1;
  }
}

function toggleBox(szDivId, elem, msg1, msg2)
{
  var res = -1;  if (document.getElementById) {
    res = flip(document.getElementById(szDivId));
  }
  else if (document.all) {
    // this is the way old msie versions work
    res = flip(document.all[szDivId]);
  }
  if(elem) {
    if(res == 0) elem.innerHTML = msg1; else elem.innerHTML = msg2;
  }

}

function toggleAllBoxes() {
  if (document.getElementsByTagName) {
    d = document.getElementsByTagName('div');
    for (i = 0; i < d.length; i++) {
      if (d[i].className == 'log') {
        flip(d[i]);
      }
    }
  }
}

// -->
</script>

</head>
<body>
<h2 align='center'>Test5</h2><table border='1' align="center">
<tr>
<td>Tests passed/Failed/Skipped:</td><td>25/4/0</td>
</tr><tr>
<td>Started on:</td><td>Fri Mar 29 15:57:08 IST 2019</td>
</tr>
<tr><td>Total time:</td><td>85 seconds (85521 ms)</td>
</tr><tr>
<td>Included groups:</td><td>sanity </td>
</tr><tr>
<td>Excluded groups:</td><td></td>
</tr>
</table><p/>
<small><i>(Hover the method name to see the test class name)</i></small><p/>
<table width='100%' border='1' class='invocation-failed'>
<tr><td colspan='4' align='center'><b>FAILED TESTS</b></td></tr>
<tr><td><b>Test method</b></td>
<td width="30%"><b>Exception</b></td>
<td width="10%"><b>Time (seconds)</b></td>
<td><b>Instance</b></td>
</tr>
<tr>
<td title='com.b1.qa.testcases.LocationPageTest.VerifyCustomData()'><b>VerifyCustomData</b><br>Test class: com.b1.qa.testcases.LocationPageTest</td>
<td><div><pre>java.lang.AssertionError: expected [true] but found [false]
	at com.b1.qa.pages.LocationPage.checkCustomdata(LocationPage.java:540)
	at com.b1.qa.testcases.LocationPageTest.VerifyCustomData(LocationPageTest.java:213)
	at java.util.concurrent.ThreadPoolExecutor.runWorker(Unknown Source)
	at java.util.concurrent.ThreadPoolExecutor$Worker.run(Unknown Source)
	at java.lang.Thread.run(Unknown Source)
... Removed 14 stack frames</pre></div><a href='#' onClick='toggleBox("stack-trace1622097444", this, "Click to show all stack frames", "Click to hide stack frames")'>Click to show all stack frames</a>
<div class='stack-trace' id='stack-trace1622097444'><pre>java.lang.AssertionError: expected [true] but found [false]
	at org.testng.Assert.fail(Assert.java:96)
	at org.testng.Assert.failNotEquals(Assert.java:776)
	at org.testng.Assert.assertTrue(Assert.java:44)
	at org.testng.Assert.assertTrue(Assert.java:54)
	at com.b1.qa.pages.LocationPage.checkCustomdata(LocationPage.java:540)
	at com.b1.qa.testcases.LocationPageTest.VerifyCustomData(LocationPageTest.java:213)
	at sun.reflect.NativeMethodAccessorImpl.invoke0(Native Method)
	at sun.reflect.NativeMethodAccessorImpl.invoke(Unknown Source)
	at sun.reflect.DelegatingMethodAccessorImpl.invoke(Unknown Source)
	at java.lang.reflect.Method.invoke(Unknown Source)
	at org.testng.internal.MethodInvocationHelper.invokeMethod(MethodInvocationHelper.java:124)
	at org.testng.internal.Invoker.invokeMethod(Invoker.java:580)
	at org.testng.internal.Invoker.invokeTestMethod(Invoker.java:716)
	at org.testng.internal.Invoker.invokeTestMethods(Invoker.java:988)
	at org.testng.internal.TestMethodWorker.invokeTestMethods(TestMethodWorker.java:125)
	at org.testng.internal.TestMethodWorker.run(TestMethodWorker.java:109)
	at java.util.concurrent.ThreadPoolExecutor.runWorker(Unknown Source)
	at java.util.concurrent.ThreadPoolExecutor$Worker.run(Unknown Source)
	at java.lang.Thread.run(Unknown Source)
</pre></div></td>
<td>0</td>
<td>com.b1.qa.testcases.LocationPageTest@61a002b1</td></tr>
<tr>
<td title='com.b1.qa.testcases.LocationPageTest.VerifyDetailsData()'><b>VerifyDetailsData</b><br>Test class: com.b1.qa.testcases.LocationPageTest</td>
<td><div><pre>java.lang.AssertionError: expected [true] but found [false]
	at com.b1.qa.pages.LocationPage.checkDetailsData(LocationPage.java:442)
	at com.b1.qa.testcases.LocationPageTest.VerifyDetailsData(LocationPageTest.java:195)
	at java.util.concurrent.ThreadPoolExecutor.runWorker(Unknown Source)
	at java.util.concurrent.ThreadPoolExecutor$Worker.run(Unknown Source)
	at java.lang.Thread.run(Unknown Source)
... Removed 14 stack frames</pre></div><a href='#' onClick='toggleBox("stack-trace2004161595", this, "Click to show all stack frames", "Click to hide stack frames")'>Click to show all stack frames</a>
<div class='stack-trace' id='stack-trace2004161595'><pre>java.lang.AssertionError: expected [true] but found [false]
	at org.testng.Assert.fail(Assert.java:96)
	at org.testng.Assert.failNotEquals(Assert.java:776)
	at org.testng.Assert.assertTrue(Assert.java:44)
	at org.testng.Assert.assertTrue(Assert.java:54)
	at com.b1.qa.pages.LocationPage.checkDetailsData(LocationPage.java:442)
	at com.b1.qa.testcases.LocationPageTest.VerifyDetailsData(LocationPageTest.java:195)
	at sun.reflect.NativeMethodAccessorImpl.invoke0(Native Method)
	at sun.reflect.NativeMethodAccessorImpl.invoke(Unknown Source)
	at sun.reflect.DelegatingMethodAccessorImpl.invoke(Unknown Source)
	at java.lang.reflect.Method.invoke(Unknown Source)
	at org.testng.internal.MethodInvocationHelper.invokeMethod(MethodInvocationHelper.java:124)
	at org.testng.internal.Invoker.invokeMethod(Invoker.java:580)
	at org.testng.internal.Invoker.invokeTestMethod(Invoker.java:716)
	at org.testng.internal.Invoker.invokeTestMethods(Invoker.java:988)
	at org.testng.internal.TestMethodWorker.invokeTestMethods(TestMethodWorker.java:125)
	at org.testng.internal.TestMethodWorker.run(TestMethodWorker.java:109)
	at java.util.concurrent.ThreadPoolExecutor.runWorker(Unknown Source)
	at java.util.concurrent.ThreadPoolExecutor$Worker.run(Unknown Source)
	at java.lang.Thread.run(Unknown Source)
</pre></div></td>
<td>0</td>
<td>com.b1.qa.testcases.LocationPageTest@61a002b1</td></tr>
<tr>
<td title='com.b1.qa.testcases.LocationPageTest.VerifyOfferingsData()'><b>VerifyOfferingsData</b><br>Test class: com.b1.qa.testcases.LocationPageTest</td>
<td><div><pre>java.lang.AssertionError: expected [true] but found [false]
	at com.b1.qa.pages.LocationPage.checkOfferingsdata(LocationPage.java:512)
	at com.b1.qa.testcases.LocationPageTest.VerifyOfferingsData(LocationPageTest.java:207)
	at java.util.concurrent.ThreadPoolExecutor.runWorker(Unknown Source)
	at java.util.concurrent.ThreadPoolExecutor$Worker.run(Unknown Source)
	at java.lang.Thread.run(Unknown Source)
... Removed 14 stack frames</pre></div><a href='#' onClick='toggleBox("stack-trace1086646713", this, "Click to show all stack frames", "Click to hide stack frames")'>Click to show all stack frames</a>
<div class='stack-trace' id='stack-trace1086646713'><pre>java.lang.AssertionError: expected [true] but found [false]
	at org.testng.Assert.fail(Assert.java:96)
	at org.testng.Assert.failNotEquals(Assert.java:776)
	at org.testng.Assert.assertTrue(Assert.java:44)
	at org.testng.Assert.assertTrue(Assert.java:54)
	at com.b1.qa.pages.LocationPage.checkOfferingsdata(LocationPage.java:512)
	at com.b1.qa.testcases.LocationPageTest.VerifyOfferingsData(LocationPageTest.java:207)
	at sun.reflect.NativeMethodAccessorImpl.invoke0(Native Method)
	at sun.reflect.NativeMethodAccessorImpl.invoke(Unknown Source)
	at sun.reflect.DelegatingMethodAccessorImpl.invoke(Unknown Source)
	at java.lang.reflect.Method.invoke(Unknown Source)
	at org.testng.internal.MethodInvocationHelper.invokeMethod(MethodInvocationHelper.java:124)
	at org.testng.internal.Invoker.invokeMethod(Invoker.java:580)
	at org.testng.internal.Invoker.invokeTestMethod(Invoker.java:716)
	at org.testng.internal.Invoker.invokeTestMethods(Invoker.java:988)
	at org.testng.internal.TestMethodWorker.invokeTestMethods(TestMethodWorker.java:125)
	at org.testng.internal.TestMethodWorker.run(TestMethodWorker.java:109)
	at java.util.concurrent.ThreadPoolExecutor.runWorker(Unknown Source)
	at java.util.concurrent.ThreadPoolExecutor$Worker.run(Unknown Source)
	at java.lang.Thread.run(Unknown Source)
</pre></div></td>
<td>0</td>
<td>com.b1.qa.testcases.LocationPageTest@61a002b1</td></tr>
<tr>
<td title='com.b1.qa.testcases.LocationPageTest.VerifySEOData()'><b>VerifySEOData</b><br>Test class: com.b1.qa.testcases.LocationPageTest</td>
<td><div><pre>java.lang.AssertionError: expected [true] but found [false]
	at com.b1.qa.pages.LocationPage.checkSEOdata(LocationPage.java:492)
	at com.b1.qa.testcases.LocationPageTest.VerifySEOData(LocationPageTest.java:201)
	at java.util.concurrent.ThreadPoolExecutor.runWorker(Unknown Source)
	at java.util.concurrent.ThreadPoolExecutor$Worker.run(Unknown Source)
	at java.lang.Thread.run(Unknown Source)
... Removed 14 stack frames</pre></div><a href='#' onClick='toggleBox("stack-trace73899571", this, "Click to show all stack frames", "Click to hide stack frames")'>Click to show all stack frames</a>
<div class='stack-trace' id='stack-trace73899571'><pre>java.lang.AssertionError: expected [true] but found [false]
	at org.testng.Assert.fail(Assert.java:96)
	at org.testng.Assert.failNotEquals(Assert.java:776)
	at org.testng.Assert.assertTrue(Assert.java:44)
	at org.testng.Assert.assertTrue(Assert.java:54)
	at com.b1.qa.pages.LocationPage.checkSEOdata(LocationPage.java:492)
	at com.b1.qa.testcases.LocationPageTest.VerifySEOData(LocationPageTest.java:201)
	at sun.reflect.NativeMethodAccessorImpl.invoke0(Native Method)
	at sun.reflect.NativeMethodAccessorImpl.invoke(Unknown Source)
	at sun.reflect.DelegatingMethodAccessorImpl.invoke(Unknown Source)
	at java.lang.reflect.Method.invoke(Unknown Source)
	at org.testng.internal.MethodInvocationHelper.invokeMethod(MethodInvocationHelper.java:124)
	at org.testng.internal.Invoker.invokeMethod(Invoker.java:580)
	at org.testng.internal.Invoker.invokeTestMethod(Invoker.java:716)
	at org.testng.internal.Invoker.invokeTestMethods(Invoker.java:988)
	at org.testng.internal.TestMethodWorker.invokeTestMethods(TestMethodWorker.java:125)
	at org.testng.internal.TestMethodWorker.run(TestMethodWorker.java:109)
	at java.util.concurrent.ThreadPoolExecutor.runWorker(Unknown Source)
	at java.util.concurrent.ThreadPoolExecutor$Worker.run(Unknown Source)
	at java.lang.Thread.run(Unknown Source)
</pre></div></td>
<td>0</td>
<td>com.b1.qa.testcases.LocationPageTest@61a002b1</td></tr>
</table><p>
<table width='100%' border='1' class='invocation-passed'>
<tr><td colspan='4' align='center'><b>PASSED TESTS</b></td></tr>
<tr><td><b>Test method</b></td>
<td width="30%"><b>Exception</b></td>
<td width="10%"><b>Time (seconds)</b></td>
<td><b>Instance</b></td>
</tr>
<tr>
<td title='com.b1.qa.testcases.LocationPageTest.SelectCountryInDetails()'><b>SelectCountryInDetails</b><br>Test class: com.b1.qa.testcases.LocationPageTest</td>
<td></td>
<td>2</td>
<td>com.b1.qa.testcases.LocationPageTest@61a002b1</td></tr>
<tr>
<td title='com.b1.qa.testcases.LocationPageTest.VerifyAddFilter()'><b>VerifyAddFilter</b><br>Test class: com.b1.qa.testcases.LocationPageTest</td>
<td></td>
<td>0</td>
<td>com.b1.qa.testcases.LocationPageTest@61a002b1</td></tr>
<tr>
<td title='com.b1.qa.testcases.LocationPageTest.VerifyAddressFilter()'><b>VerifyAddressFilter</b><br>Test class: com.b1.qa.testcases.LocationPageTest</td>
<td></td>
<td>0</td>
<td>com.b1.qa.testcases.LocationPageTest@61a002b1</td></tr>
<tr>
<td title='com.b1.qa.testcases.LocationPageTest.VerifyAllTabs()'><b>VerifyAllTabs</b><br>Test class: com.b1.qa.testcases.LocationPageTest</td>
<td></td>
<td>0</td>
<td>com.b1.qa.testcases.LocationPageTest@61a002b1</td></tr>
<tr>
<td title='com.b1.qa.testcases.LocationPageTest.VerifyCityFilter()'><b>VerifyCityFilter</b><br>Test class: com.b1.qa.testcases.LocationPageTest</td>
<td></td>
<td>0</td>
<td>com.b1.qa.testcases.LocationPageTest@61a002b1</td></tr>
<tr>
<td title='com.b1.qa.testcases.LocationPageTest.VerifyClickAddLocation()'><b>VerifyClickAddLocation</b><br>Test class: com.b1.qa.testcases.LocationPageTest</td>
<td></td>
<td>0</td>
<td>com.b1.qa.testcases.LocationPageTest@61a002b1</td></tr>
<tr>
<td title='com.b1.qa.testcases.LocationPageTest.VerifyClickCustom()'><b>VerifyClickCustom</b><br>Test class: com.b1.qa.testcases.LocationPageTest</td>
<td></td>
<td>0</td>
<td>com.b1.qa.testcases.LocationPageTest@61a002b1</td></tr>
<tr>
<td title='com.b1.qa.testcases.LocationPageTest.VerifyClickHours()'><b>VerifyClickHours</b><br>Test class: com.b1.qa.testcases.LocationPageTest</td>
<td></td>
<td>0</td>
<td>com.b1.qa.testcases.LocationPageTest@61a002b1</td></tr>
<tr>
<td title='com.b1.qa.testcases.LocationPageTest.VerifyClickOfferings()'><b>VerifyClickOfferings</b><br>Test class: com.b1.qa.testcases.LocationPageTest</td>
<td></td>
<td>0</td>
<td>com.b1.qa.testcases.LocationPageTest@61a002b1</td></tr>
<tr>
<td title='com.b1.qa.testcases.LocationPageTest.VerifyClickSEO()'><b>VerifyClickSEO</b><br>Test class: com.b1.qa.testcases.LocationPageTest</td>
<td></td>
<td>0</td>
<td>com.b1.qa.testcases.LocationPageTest@61a002b1</td></tr>
<tr>
<td title='com.b1.qa.testcases.LocationPageTest.VerifyCreateLocation()'><b>VerifyCreateLocation</b><br>Test class: com.b1.qa.testcases.LocationPageTest</td>
<td></td>
<td>3</td>
<td>com.b1.qa.testcases.LocationPageTest@61a002b1</td></tr>
<tr>
<td title='com.b1.qa.testcases.LocationPageTest.VerifyDeleteLocation()'><b>VerifyDeleteLocation</b><br>Test class: com.b1.qa.testcases.LocationPageTest</td>
<td></td>
<td>3</td>
<td>com.b1.qa.testcases.LocationPageTest@61a002b1</td></tr>
<tr>
<td title='com.b1.qa.testcases.LocationPageTest.VerifyLocationCustomData()'><b>VerifyLocationCustomData</b><br>Test class: com.b1.qa.testcases.LocationPageTest</td>
<td></td>
<td>3</td>
<td>com.b1.qa.testcases.LocationPageTest@61a002b1</td></tr>
<tr>
<td title='com.b1.qa.testcases.LocationPageTest.VerifyLocationDetailsData()'><b>VerifyLocationDetailsData</b><br>Test class: com.b1.qa.testcases.LocationPageTest</td>
<td></td>
<td>7</td>
<td>com.b1.qa.testcases.LocationPageTest@61a002b1</td></tr>
<tr>
<td title='com.b1.qa.testcases.LocationPageTest.VerifyLocationOfferingsData()'><b>VerifyLocationOfferingsData</b><br>Test class: com.b1.qa.testcases.LocationPageTest</td>
<td></td>
<td>4</td>
<td>com.b1.qa.testcases.LocationPageTest@61a002b1</td></tr>
<tr>
<td title='com.b1.qa.testcases.LocationPageTest.VerifyLocationSEOData()'><b>VerifyLocationSEOData</b><br>Test class: com.b1.qa.testcases.LocationPageTest</td>
<td></td>
<td>5</td>
<td>com.b1.qa.testcases.LocationPageTest@61a002b1</td></tr>
<tr>
<td title='com.b1.qa.testcases.LocationPageTest.VerifyNameFilter()'><b>VerifyNameFilter</b><br>Test class: com.b1.qa.testcases.LocationPageTest</td>
<td></td>
<td>0</td>
<td>com.b1.qa.testcases.LocationPageTest@61a002b1</td></tr>
<tr>
<td title='com.b1.qa.testcases.LocationPageTest.VerifyNewlyCreatedLocation()'><b>VerifyNewlyCreatedLocation</b><br>Test class: com.b1.qa.testcases.LocationPageTest</td>
<td></td>
<td>5</td>
<td>com.b1.qa.testcases.LocationPageTest@61a002b1</td></tr>
<tr>
<td title='com.b1.qa.testcases.LocationPageTest.VerifyPostalCodeFilter()'><b>VerifyPostalCodeFilter</b><br>Test class: com.b1.qa.testcases.LocationPageTest</td>
<td></td>
<td>0</td>
<td>com.b1.qa.testcases.LocationPageTest@61a002b1</td></tr>
<tr>
<td title='com.b1.qa.testcases.LocationPageTest.VerifySelectFilter()'><b>VerifySelectFilter</b><br>Test class: com.b1.qa.testcases.LocationPageTest</td>
<td></td>
<td>2</td>
<td>com.b1.qa.testcases.LocationPageTest@61a002b1</td></tr>
<tr>
<td title='com.b1.qa.testcases.LocationPageTest.VerifySelectHours()'><b>VerifySelectHours</b><br>Test class: com.b1.qa.testcases.LocationPageTest</td>
<td></td>
<td>5</td>
<td>com.b1.qa.testcases.LocationPageTest@61a002b1</td></tr>
<tr>
<td title='com.b1.qa.testcases.LocationPageTest.VerifySelectSpecialHours()'><b>VerifySelectSpecialHours</b><br>Test class: com.b1.qa.testcases.LocationPageTest</td>
<td></td>
<td>7</td>
<td>com.b1.qa.testcases.LocationPageTest@61a002b1</td></tr>
<tr>
<td title='com.b1.qa.testcases.LocationPageTest.VerifyStateFilter()'><b>VerifyStateFilter</b><br>Test class: com.b1.qa.testcases.LocationPageTest</td>
<td></td>
<td>0</td>
<td>com.b1.qa.testcases.LocationPageTest@61a002b1</td></tr>
<tr>
<td title='com.b1.qa.testcases.LocationPageTest.VerifyWebsiteInSEO()'><b>VerifyWebsiteInSEO</b><br>Test class: com.b1.qa.testcases.LocationPageTest</td>
<td></td>
<td>7</td>
<td>com.b1.qa.testcases.LocationPageTest@61a002b1</td></tr>
<tr>
<td title='com.b1.qa.testcases.LocationPageTest.clickOnContextAndSelectBJ()'><b>clickOnContextAndSelectBJ</b><br>Test class: com.b1.qa.testcases.LocationPageTest</td>
<td></td>
<td>6</td>
<td>com.b1.qa.testcases.LocationPageTest@61a002b1</td></tr>
</table><p>
</body>
</html>