<html>
<head>
<title>TestNG:  Test2</title>
<link href="../testng.css" rel="stylesheet" type="text/css" />
<link href="../my-testng.css" rel="stylesheet" type="text/css" />

<style type="text/css">
.log { display: none;} 
.stack-trace { display: none;} 
</style>
<script type="text/javascript">
<!--
function flip(e) {
  current = e.style.display;
  if (current == 'block') {
    e.style.display = 'none';
    return 0;
  }
  else {
    e.style.display = 'block';
    return 1;
  }
}

function toggleBox(szDivId, elem, msg1, msg2)
{
  var res = -1;  if (document.getElementById) {
    res = flip(document.getElementById(szDivId));
  }
  else if (document.all) {
    // this is the way old msie versions work
    res = flip(document.all[szDivId]);
  }
  if(elem) {
    if(res == 0) elem.innerHTML = msg1; else elem.innerHTML = msg2;
  }

}

function toggleAllBoxes() {
  if (document.getElementsByTagName) {
    d = document.getElementsByTagName('div');
    for (i = 0; i < d.length; i++) {
      if (d[i].className == 'log') {
        flip(d[i]);
      }
    }
  }
}

// -->
</script>

</head>
<body>
<h2 align='center'>Test2</h2><table border='1' align="center">
<tr>
<td>Tests passed/Failed/Skipped:</td><td>10/1/0</td>
</tr><tr>
<td>Started on:</td><td>Fri Mar 29 15:54:38 IST 2019</td>
</tr>
<tr><td>Total time:</td><td>68 seconds (68428 ms)</td>
</tr><tr>
<td>Included groups:</td><td>sanity </td>
</tr><tr>
<td>Excluded groups:</td><td></td>
</tr>
</table><p/>
<small><i>(Hover the method name to see the test class name)</i></small><p/>
<table width='100%' border='1' class='invocation-failed'>
<tr><td colspan='4' align='center'><b>FAILED TESTS</b></td></tr>
<tr><td><b>Test method</b></td>
<td width="30%"><b>Exception</b></td>
<td width="10%"><b>Time (seconds)</b></td>
<td><b>Instance</b></td>
</tr>
<tr>
<td title='com.b1.qa.testcases.ReviewGUITest.selectAllPostingDate()'><b>selectAllPostingDate</b><br>Test class: com.b1.qa.testcases.ReviewGUITest</td>
<td><div><pre>org.openqa.selenium.TimeoutException: Expected condition failed: waiting for visibility of element located by By.xpath: //li[starts-with(@class,&apos;calendaractionitem sc-&apos;)]//a[contains(text(),&apos;All Time&apos;)] (tried for 20 second(s) with 500 milliseconds interval)
Build info: version: &apos;3.14.0&apos;, revision: &apos;aacccce0&apos;, time: &apos;2018-08-02T20:19:58.91Z&apos;
System info: host: &apos;DESKTOP-Q9J1O2G&apos;, ip: &apos;10.0.75.1&apos;, os.name: &apos;Windows 10&apos;, os.arch: &apos;amd64&apos;, os.version: &apos;10.0&apos;, java.version: &apos;1.8.0_201&apos;
Driver info: org.openqa.selenium.chrome.ChromeDriver
Capabilities {acceptInsecureCerts: false, acceptSslCerts: false, applicationCacheEnabled: false, browserConnectionEnabled: false, browserName: chrome, chrome: {chromedriverVersion: 73.0.3683.68 (47787ec04b6e3..., userDataDir: C:\Users\Pramod\AppData\Loc...}, cssSelectorsEnabled: true, databaseEnabled: false, goog:chromeOptions: {debuggerAddress: localhost:51619}, handlesAlerts: true, hasTouchScreen: false, javascriptEnabled: true, locationContextEnabled: true, mobileEmulationEnabled: false, nativeEvents: true, networkConnectionEnabled: false, pageLoadStrategy: none, platform: XP, platformName: XP, proxy: Proxy(), rotatable: false, setWindowRect: true, strictFileInteractability: false, takesHeapSnapshot: true, takesScreenshot: true, timeouts: {implicit: 0, pageLoad: 300000, script: 30000}, unexpectedAlertBehaviour: ignore, unhandledPromptBehavior: ignore, version: 73.0.3683.86, webStorageEnabled: true}
Session ID: 56254fba6d93e3319f76c9b453648724
	at org.openqa.selenium.support.ui.WebDriverWait.timeoutException(WebDriverWait.java:113)
	at org.openqa.selenium.support.ui.FluentWait.until(FluentWait.java:283)
	at com.b1.qa.pages.ReviewsPage.postingDate(ReviewsPage.java:169)
	at com.b1.qa.testcases.ReviewGUITest.selectAllPostingDate(ReviewGUITest.java:54)
	at java.util.concurrent.ThreadPoolExecutor.runWorker(Unknown Source)
	at java.util.concurrent.ThreadPoolExecutor$Worker.run(Unknown Source)
	at java.lang.Thread.run(Unknown Source)
... Removed 10 stack frames</pre></div><a href='#' onClick='toggleBox("stack-trace758401283", this, "Click to show all stack frames", "Click to hide stack frames")'>Click to show all stack frames</a>
<div class='stack-trace' id='stack-trace758401283'><pre>org.openqa.selenium.TimeoutException: Expected condition failed: waiting for visibility of element located by By.xpath: //li[starts-with(@class,&apos;calendaractionitem sc-&apos;)]//a[contains(text(),&apos;All Time&apos;)] (tried for 20 second(s) with 500 milliseconds interval)
Build info: version: &apos;3.14.0&apos;, revision: &apos;aacccce0&apos;, time: &apos;2018-08-02T20:19:58.91Z&apos;
System info: host: &apos;DESKTOP-Q9J1O2G&apos;, ip: &apos;10.0.75.1&apos;, os.name: &apos;Windows 10&apos;, os.arch: &apos;amd64&apos;, os.version: &apos;10.0&apos;, java.version: &apos;1.8.0_201&apos;
Driver info: org.openqa.selenium.chrome.ChromeDriver
Capabilities {acceptInsecureCerts: false, acceptSslCerts: false, applicationCacheEnabled: false, browserConnectionEnabled: false, browserName: chrome, chrome: {chromedriverVersion: 73.0.3683.68 (47787ec04b6e3..., userDataDir: C:\Users\Pramod\AppData\Loc...}, cssSelectorsEnabled: true, databaseEnabled: false, goog:chromeOptions: {debuggerAddress: localhost:51619}, handlesAlerts: true, hasTouchScreen: false, javascriptEnabled: true, locationContextEnabled: true, mobileEmulationEnabled: false, nativeEvents: true, networkConnectionEnabled: false, pageLoadStrategy: none, platform: XP, platformName: XP, proxy: Proxy(), rotatable: false, setWindowRect: true, strictFileInteractability: false, takesHeapSnapshot: true, takesScreenshot: true, timeouts: {implicit: 0, pageLoad: 300000, script: 30000}, unexpectedAlertBehaviour: ignore, unhandledPromptBehavior: ignore, version: 73.0.3683.86, webStorageEnabled: true}
Session ID: 56254fba6d93e3319f76c9b453648724
	at org.openqa.selenium.support.ui.WebDriverWait.timeoutException(WebDriverWait.java:113)
	at org.openqa.selenium.support.ui.FluentWait.until(FluentWait.java:283)
	at com.b1.qa.pages.ReviewsPage.postingDate(ReviewsPage.java:169)
	at com.b1.qa.testcases.ReviewGUITest.selectAllPostingDate(ReviewGUITest.java:54)
	at sun.reflect.NativeMethodAccessorImpl.invoke0(Native Method)
	at sun.reflect.NativeMethodAccessorImpl.invoke(Unknown Source)
	at sun.reflect.DelegatingMethodAccessorImpl.invoke(Unknown Source)
	at java.lang.reflect.Method.invoke(Unknown Source)
	at org.testng.internal.MethodInvocationHelper.invokeMethod(MethodInvocationHelper.java:124)
	at org.testng.internal.Invoker.invokeMethod(Invoker.java:580)
	at org.testng.internal.Invoker.invokeTestMethod(Invoker.java:716)
	at org.testng.internal.Invoker.invokeTestMethods(Invoker.java:988)
	at org.testng.internal.TestMethodWorker.invokeTestMethods(TestMethodWorker.java:125)
	at org.testng.internal.TestMethodWorker.run(TestMethodWorker.java:109)
	at java.util.concurrent.ThreadPoolExecutor.runWorker(Unknown Source)
	at java.util.concurrent.ThreadPoolExecutor$Worker.run(Unknown Source)
	at java.lang.Thread.run(Unknown Source)
</pre></div></td>
<td>23</td>
<td>com.b1.qa.testcases.ReviewGUITest@578524c3</td></tr>
</table><p>
<table width='100%' border='1' class='invocation-passed'>
<tr><td colspan='4' align='center'><b>PASSED TESTS</b></td></tr>
<tr><td><b>Test method</b></td>
<td width="30%"><b>Exception</b></td>
<td width="10%"><b>Time (seconds)</b></td>
<td><b>Instance</b></td>
</tr>
<tr>
<td title='com.b1.qa.testcases.ReviewGUITest.ReviewsPageSetup()'><b>ReviewsPageSetup</b><br>Test class: com.b1.qa.testcases.ReviewGUITest</td>
<td></td>
<td>12</td>
<td>com.b1.qa.testcases.ReviewGUITest@578524c3</td></tr>
<tr>
<td title='com.b1.qa.testcases.ReviewGUITest.bqlFilter()'><b>bqlFilter</b><br>Test class: com.b1.qa.testcases.ReviewGUITest</td>
<td></td>
<td>0</td>
<td>com.b1.qa.testcases.ReviewGUITest@578524c3</td></tr>
<tr>
<td title='com.b1.qa.testcases.ReviewGUITest.postingDateOptions()'><b>postingDateOptions</b><br>Test class: com.b1.qa.testcases.ReviewGUITest</td>
<td></td>
<td>2</td>
<td>com.b1.qa.testcases.ReviewGUITest@578524c3</td></tr>
<tr>
<td title='com.b1.qa.testcases.ReviewGUITest.preCannedFilter()'><b>preCannedFilter</b><br>Test class: com.b1.qa.testcases.ReviewGUITest</td>
<td></td>
<td>2</td>
<td>com.b1.qa.testcases.ReviewGUITest@578524c3</td></tr>
<tr>
<td title='com.b1.qa.testcases.ReviewGUITest.verifyAddFilter()'><b>verifyAddFilter</b><br>Test class: com.b1.qa.testcases.ReviewGUITest</td>
<td></td>
<td>0</td>
<td>com.b1.qa.testcases.ReviewGUITest@578524c3</td></tr>
<tr>
<td title='com.b1.qa.testcases.ReviewGUITest.verifyRatings()'><b>verifyRatings</b><br>Test class: com.b1.qa.testcases.ReviewGUITest</td>
<td></td>
<td>2</td>
<td>com.b1.qa.testcases.ReviewGUITest@578524c3</td></tr>
<tr>
<td title='com.b1.qa.testcases.ReviewGUITest.verifyReviewStatus()'><b>verifyReviewStatus</b><br>Test class: com.b1.qa.testcases.ReviewGUITest</td>
<td></td>
<td>2</td>
<td>com.b1.qa.testcases.ReviewGUITest@578524c3</td></tr>
<tr>
<td title='com.b1.qa.testcases.ReviewGUITest.verifyReviewText()'><b>verifyReviewText</b><br>Test class: com.b1.qa.testcases.ReviewGUITest</td>
<td></td>
<td>3</td>
<td>com.b1.qa.testcases.ReviewGUITest@578524c3</td></tr>
<tr>
<td title='com.b1.qa.testcases.ReviewGUITest.verifyReviewTextFilter()'><b>verifyReviewTextFilter</b><br>Test class: com.b1.qa.testcases.ReviewGUITest</td>
<td></td>
<td>4</td>
<td>com.b1.qa.testcases.ReviewGUITest@578524c3</td></tr>
<tr>
<td title='com.b1.qa.testcases.ReviewGUITest.verifySources()'><b>verifySources</b><br>Test class: com.b1.qa.testcases.ReviewGUITest</td>
<td></td>
<td>4</td>
<td>com.b1.qa.testcases.ReviewGUITest@578524c3</td></tr>
</table><p>
</body>
</html>