<?xml version="1.0" encoding="UTF-8"?>
<!-- Generated by org.testng.reporters.JUnitReportReporter -->
<testsuite skipped="0" hostname="Testriq-L17" name="com.b1.qa.AccountsPageTest_TestRail.AccountsPageTest" tests="14" failures="1" timestamp="16 Jun 2020 11:33:43 GMT" time="726.457" errors="0">
  <testcase name="selectGeostix2" time="11.231" classname="com.b1.qa.AccountsPageTest_TestRail.AccountsPageTest"/>
  <testcase name="C1705_ToverifyMyProfilefunctionality" time="5.214" classname="com.b1.qa.AccountsPageTest_TestRail.AccountsPageTest"/>
  <testcase name="C1706_VerifyDetailsfunctionality" time="5.366" classname="com.b1.qa.AccountsPageTest_TestRail.AccountsPageTest">
    <failure type="java.lang.AssertionError" message="expected [377 Locations] but found [376 Locations]">
      <![CDATA[java.lang.AssertionError: expected [377 Locations] but found [376 Locations]
at org.testng.Assert.fail(Assert.java:96)
at org.testng.Assert.failNotEquals(Assert.java:776)
at org.testng.Assert.assertEqualsImpl(Assert.java:137)
at org.testng.Assert.assertEquals(Assert.java:118)
at org.testng.Assert.assertEquals(Assert.java:453)
at org.testng.Assert.assertEquals(Assert.java:463)
at com.b1.qa.AccountsPage_TestRail.AccountsPage.C1706_VerifyDetailsfunctionality(AccountsPage.java:462)
at com.b1.qa.AccountsPageTest_TestRail.AccountsPageTest.C1706_VerifyDetailsfunctionality(AccountsPageTest.java:48)
at sun.reflect.NativeMethodAccessorImpl.invoke0(Native Method)
at sun.reflect.NativeMethodAccessorImpl.invoke(NativeMethodAccessorImpl.java:62)
at sun.reflect.DelegatingMethodAccessorImpl.invoke(DelegatingMethodAccessorImpl.java:43)
at java.lang.reflect.Method.invoke(Method.java:498)
at org.testng.internal.MethodInvocationHelper.invokeMethod(MethodInvocationHelper.java:124)
at org.testng.internal.Invoker.invokeMethod(Invoker.java:583)
at org.testng.internal.Invoker.invokeTestMethod(Invoker.java:719)
at org.testng.internal.Invoker.invokeTestMethods(Invoker.java:989)
at org.testng.internal.TestMethodWorker.invokeTestMethods(TestMethodWorker.java:124)
at org.testng.internal.TestMethodWorker.run(TestMethodWorker.java:109)
at org.testng.TestRunner.privateRun(TestRunner.java:648)
at org.testng.TestRunner.run(TestRunner.java:505)
at org.testng.SuiteRunner.runTest(SuiteRunner.java:455)
at org.testng.SuiteRunner.runSequentially(SuiteRunner.java:450)
at org.testng.SuiteRunner.privateRun(SuiteRunner.java:415)
at org.testng.SuiteRunner.run(SuiteRunner.java:364)
at org.testng.SuiteRunnerWorker.runSuite(SuiteRunnerWorker.java:52)
at org.testng.SuiteRunnerWorker.run(SuiteRunnerWorker.java:84)
at org.testng.TestNG.runSuitesSequentially(TestNG.java:1208)
at org.testng.TestNG.runSuitesLocally(TestNG.java:1137)
at org.testng.TestNG.runSuites(TestNG.java:1049)
at org.testng.TestNG.run(TestNG.java:1017)
at org.testng.remote.AbstractRemoteTestNG.run(AbstractRemoteTestNG.java:114)
at org.testng.remote.RemoteTestNG.initAndRun(RemoteTestNG.java:251)
at org.testng.remote.RemoteTestNG.main(RemoteTestNG.java:77)
]]>
    </failure>
  </testcase> <!-- C1706_VerifyDetailsfunctionality -->
  <testcase name="C1707_VerifyLocationGroup" time="86.402" classname="com.b1.qa.AccountsPageTest_TestRail.AccountsPageTest"/>
  <testcase name="C1708_Validatedefaultfieldvalues" time="23.609" classname="com.b1.qa.AccountsPageTest_TestRail.AccountsPageTest"/>
  <testcase name="C1709_Validatecustomproperties" time="8.228" classname="com.b1.qa.AccountsPageTest_TestRail.AccountsPageTest"/>
  <testcase name="C1712_ValidateEntitlements" time="45.757" classname="com.b1.qa.AccountsPageTest_TestRail.AccountsPageTest"/>
  <testcase name="C1714_Verifyaddedteamisdisplayed" time="15.175" classname="com.b1.qa.AccountsPageTest_TestRail.AccountsPageTest"/>
  <testcase name="C1717_Deleteteamafterverification" time="71.483" classname="com.b1.qa.AccountsPageTest_TestRail.AccountsPageTest"/>
  <testcase name="C1716_Verifyaddeduserisdsiplayed" time="18.810" classname="com.b1.qa.AccountsPageTest_TestRail.AccountsPageTest"/>
  <testcase name="C1718_Deleteuserafterverification" time="79.449" classname="com.b1.qa.AccountsPageTest_TestRail.AccountsPageTest"/>
  <testcase name="C1849_AddRole" time="8.110" classname="com.b1.qa.AccountsPageTest_TestRail.AccountsPageTest"/>
  <testcase name="C1850_DeleteRole" time="65.243" classname="com.b1.qa.AccountsPageTest_TestRail.AccountsPageTest"/>
  <testcase name="C1853_CreateDelete_Power_Team_User" time="282.380" classname="com.b1.qa.AccountsPageTest_TestRail.AccountsPageTest"/>
</testsuite> <!-- com.b1.qa.AccountsPageTest_TestRail.AccountsPageTest -->
