<?xml version="1.0" encoding="UTF-8"?>
<!-- Generated by org.testng.reporters.JUnitReportReporter -->
<testsuite skipped="0" hostname="Testriq-L17" name="com.qa.IgniteTestcases.FilesPageTest" tests="35" failures="0" timestamp="12 May 2020 04:37:32 GMT" time="370.839" errors="2">
  <testcase name="clickOnDefaultLocationAndGeostixAutomation" time="14.130" classname="com.qa.IgniteTestcases.FilesPageTest"/>
  <testcase name="C975_VerifyFilesMenu" time="7.290" classname="com.qa.IgniteTestcases.FilesPageTest"/>
  <testcase name="C974_VerifyEachTab" time="3.529" classname="com.qa.IgniteTestcases.FilesPageTest"/>
  <testcase name="C764_VerifyallUIelementarepresent" time="3.670" classname="com.qa.IgniteTestcases.FilesPageTest"/>
  <testcase name="C984_VerifyUploadButtonWithoutSelectingFile" time="10.409" classname="com.qa.IgniteTestcases.FilesPageTest"/>
  <testcase name="C985_VerifyAllFileTypeandActionOptions" time="17.041" classname="com.qa.IgniteTestcases.FilesPageTest"/>
  <testcase name="C991_VerifyWhetherTheUploadingSpecificFileIsSuccessfull" time="21.751" classname="com.qa.IgniteTestcases.FilesPageTest"/>
  <testcase name="Verify_C991_VerifyWhetherTheUploadingSpecificFileIsSuccessfull" time="7.163" classname="com.qa.IgniteTestcases.FilesPageTest"/>
  <testcase name="Verify_C991_VerifyWhetherTheUploadingSpecificFileIsSuccessfull_HistoryTab" time="45.941" classname="com.qa.IgniteTestcases.FilesPageTest">
    <error type="org.openqa.selenium.NoSuchElementException" message="no such element: Unable to locate element: {&quot;method&quot;:&quot;xpath&quot;,&quot;selector&quot;:&quot;//div[@id=&#039;MainWrap&#039;]//tr[1]//td[7][contains(text(),&#039;succeeded&#039;)]&quot;}
  (Session info: chrome=73.0.3683.103)
  (Driver info: chromedriver=2.46.628402 (536cd7adbad73a3783fdc2cab92ab2ba7ec361e1),platform=Windows NT 6.1.7601 SP1 x86_64) (WARNING: The server did not provide any stacktrace information)
Command duration or timeout: 0 milliseconds
For documentation on this error, please visit: https://www.seleniumhq.org/exceptions/no_such_element.html
Build info: version: &#039;3.141.59&#039;, revision: &#039;e82be7d358&#039;, time: &#039;2018-11-14T08:25:53&#039;
System info: host: &#039;TESTRIQ-L17&#039;, ip: &#039;192.168.0.107&#039;, os.name: &#039;Windows 7&#039;, os.arch: &#039;amd64&#039;, os.version: &#039;6.1&#039;, java.version: &#039;1.8.0_161&#039;
Driver info: org.openqa.selenium.chrome.ChromeDriver
Capabilities {acceptInsecureCerts: false, acceptSslCerts: false, applicationCacheEnabled: false, browserConnectionEnabled: false, browserName: chrome, chrome: {chromedriverVersion: 2.46.628402 (536cd7adbad73a..., userDataDir: C:\Users\PRAMOD~1.SHI\AppDa...}, cssSelectorsEnabled: true, databaseEnabled: false, goog:chromeOptions: {debuggerAddress: localhost:50184}, handlesAlerts: true, hasTouchScreen: false, javascriptEnabled: true, locationContextEnabled: true, mobileEmulationEnabled: false, nativeEvents: true, networkConnectionEnabled: false, pageLoadStrategy: none, platform: XP, platformName: XP, proxy: Proxy(), rotatable: false, setWindowRect: true, strictFileInteractability: false, takesHeapSnapshot: true, takesScreenshot: true, timeouts: {implicit: 0, pageLoad: 300000, script: 30000}, unexpectedAlertBehaviour: ignore, unhandledPromptBehavior: ignore, version: 73.0.3683.103, webStorageEnabled: true}
Session ID: 5eb5ce7fc2a71776621233fc149739e9
*** Element info: {Using=xpath, value=//div[@id=&#039;MainWrap&#039;]//tr[1]//td[7][contains(text(),&#039;succeeded&#039;)]}">
      <![CDATA[org.openqa.selenium.NoSuchElementException: no such element: Unable to locate element: {"method":"xpath","selector":"//div[@id='MainWrap']//tr[1]//td[7][contains(text(),'succeeded')]"}
  (Session info: chrome=73.0.3683.103)
  (Driver info: chromedriver=2.46.628402 (536cd7adbad73a3783fdc2cab92ab2ba7ec361e1),platform=Windows NT 6.1.7601 SP1 x86_64) (WARNING: The server did not provide any stacktrace information)
Command duration or timeout: 0 milliseconds
For documentation on this error, please visit: https://www.seleniumhq.org/exceptions/no_such_element.html
Build info: version: '3.141.59', revision: 'e82be7d358', time: '2018-11-14T08:25:53'
System info: host: 'TESTRIQ-L17', ip: '192.168.0.107', os.name: 'Windows 7', os.arch: 'amd64', os.version: '6.1', java.version: '1.8.0_161'
Driver info: org.openqa.selenium.chrome.ChromeDriver
Capabilities {acceptInsecureCerts: false, acceptSslCerts: false, applicationCacheEnabled: false, browserConnectionEnabled: false, browserName: chrome, chrome: {chromedriverVersion: 2.46.628402 (536cd7adbad73a..., userDataDir: C:\Users\PRAMOD~1.SHI\AppDa...}, cssSelectorsEnabled: true, databaseEnabled: false, goog:chromeOptions: {debuggerAddress: localhost:50184}, handlesAlerts: true, hasTouchScreen: false, javascriptEnabled: true, locationContextEnabled: true, mobileEmulationEnabled: false, nativeEvents: true, networkConnectionEnabled: false, pageLoadStrategy: none, platform: XP, platformName: XP, proxy: Proxy(), rotatable: false, setWindowRect: true, strictFileInteractability: false, takesHeapSnapshot: true, takesScreenshot: true, timeouts: {implicit: 0, pageLoad: 300000, script: 30000}, unexpectedAlertBehaviour: ignore, unhandledPromptBehavior: ignore, version: 73.0.3683.103, webStorageEnabled: true}
Session ID: 5eb5ce7fc2a71776621233fc149739e9
*** Element info: {Using=xpath, value=//div[@id='MainWrap']//tr[1]//td[7][contains(text(),'succeeded')]}
at sun.reflect.NativeConstructorAccessorImpl.newInstance0(Native Method)
at sun.reflect.NativeConstructorAccessorImpl.newInstance(NativeConstructorAccessorImpl.java:62)
at sun.reflect.DelegatingConstructorAccessorImpl.newInstance(DelegatingConstructorAccessorImpl.java:45)
at java.lang.reflect.Constructor.newInstance(Constructor.java:423)
at org.openqa.selenium.remote.ErrorHandler.createThrowable(ErrorHandler.java:214)
at org.openqa.selenium.remote.ErrorHandler.throwIfResponseFailed(ErrorHandler.java:166)
at org.openqa.selenium.remote.http.JsonHttpResponseCodec.reconstructValue(JsonHttpResponseCodec.java:40)
at org.openqa.selenium.remote.http.AbstractHttpResponseCodec.decode(AbstractHttpResponseCodec.java:80)
at org.openqa.selenium.remote.http.AbstractHttpResponseCodec.decode(AbstractHttpResponseCodec.java:44)
at org.openqa.selenium.remote.HttpCommandExecutor.execute(HttpCommandExecutor.java:158)
at org.openqa.selenium.remote.service.DriverCommandExecutor.execute(DriverCommandExecutor.java:83)
at org.openqa.selenium.remote.RemoteWebDriver.execute(RemoteWebDriver.java:552)
at org.openqa.selenium.remote.RemoteWebDriver.findElement(RemoteWebDriver.java:323)
at org.openqa.selenium.remote.RemoteWebDriver.findElementByXPath(RemoteWebDriver.java:428)
at org.openqa.selenium.By$ByXPath.findElement(By.java:353)
at org.openqa.selenium.remote.RemoteWebDriver.findElement(RemoteWebDriver.java:315)
at com.qa.IgnitePages.FilesPage.Verify_C991_VerifyWhetherTheUploadingSpecificFileIsSuccessfull_HistoryTab(FilesPage.java:501)
at com.qa.IgniteTestcases.FilesPageTest.Verify_C991_VerifyWhetherTheUploadingSpecificFileIsSuccessfull_HistoryTab(FilesPageTest.java:94)
at sun.reflect.NativeMethodAccessorImpl.invoke0(Native Method)
at sun.reflect.NativeMethodAccessorImpl.invoke(NativeMethodAccessorImpl.java:62)
at sun.reflect.DelegatingMethodAccessorImpl.invoke(DelegatingMethodAccessorImpl.java:43)
at java.lang.reflect.Method.invoke(Method.java:498)
at org.testng.internal.MethodInvocationHelper.invokeMethod(MethodInvocationHelper.java:124)
at org.testng.internal.Invoker.invokeMethod(Invoker.java:583)
at org.testng.internal.Invoker.invokeTestMethod(Invoker.java:719)
at org.testng.internal.Invoker.invokeTestMethods(Invoker.java:989)
at org.testng.internal.TestMethodWorker.invokeTestMethods(TestMethodWorker.java:124)
at org.testng.internal.TestMethodWorker.run(TestMethodWorker.java:109)
at org.testng.TestRunner.privateRun(TestRunner.java:648)
at org.testng.TestRunner.run(TestRunner.java:505)
at org.testng.SuiteRunner.runTest(SuiteRunner.java:455)
at org.testng.SuiteRunner.runSequentially(SuiteRunner.java:450)
at org.testng.SuiteRunner.privateRun(SuiteRunner.java:415)
at org.testng.SuiteRunner.run(SuiteRunner.java:364)
at org.testng.SuiteRunnerWorker.runSuite(SuiteRunnerWorker.java:52)
at org.testng.SuiteRunnerWorker.run(SuiteRunnerWorker.java:84)
at org.testng.TestNG.runSuitesSequentially(TestNG.java:1208)
at org.testng.TestNG.runSuitesLocally(TestNG.java:1137)
at org.testng.TestNG.runSuites(TestNG.java:1049)
at org.testng.TestNG.run(TestNG.java:1017)
at org.testng.remote.AbstractRemoteTestNG.run(AbstractRemoteTestNG.java:114)
at org.testng.remote.RemoteTestNG.initAndRun(RemoteTestNG.java:251)
at org.testng.remote.RemoteTestNG.main(RemoteTestNG.java:77)
]]>
    </error>
  </testcase> <!-- Verify_C991_VerifyWhetherTheUploadingSpecificFileIsSuccessfull_HistoryTab -->
  <testcase name="C765_VerifyallUIelementarepresent" time="10.756" classname="com.qa.IgniteTestcases.FilesPageTest"/>
  <testcase name="C992_VerifyAddButtonWithoutAnyInput" time="6.889" classname="com.qa.IgniteTestcases.FilesPageTest"/>
  <testcase name="C995_VerifyDeleteWithoutSelectingScheduledUpload" time="9.354" classname="com.qa.IgniteTestcases.FilesPageTest"/>
  <testcase name="C766_VerifyallUIelementarepresent" time="8.990" classname="com.qa.IgniteTestcases.FilesPageTest"/>
  <testcase name="C976_VerifyDataTypeDefaultValue" time="3.124" classname="com.qa.IgniteTestcases.FilesPageTest"/>
  <testcase name="C977_VerifyAllDocumentTypeAndDelimeterOptions" time="7.408" classname="com.qa.IgniteTestcases.FilesPageTest"/>
  <testcase name="C978_Verifywhenuserdownloadsalocationfileintextformatthatistabdelimited" time="9.695" classname="com.qa.IgniteTestcases.FilesPageTest"/>
  <testcase name="C979_Verifywhenuserdownloadsalocationfileintextformatthatiscommadelimited" time="8.964" classname="com.qa.IgniteTestcases.FilesPageTest"/>
  <testcase name="C980_VerifywhenuserdownloadsalocationfileintextformatthatisSemicolondelimited" time="8.858" classname="com.qa.IgniteTestcases.FilesPageTest"/>
  <testcase name="C981_Userdownloadsalocationfileintextformatthatisdelimitedbyanyothersymbol" time="10.582" classname="com.qa.IgniteTestcases.FilesPageTest"/>
  <testcase name="C982_UserdownloadsalocationfileinXLSformat" time="8.710" classname="com.qa.IgniteTestcases.FilesPageTest"/>
  <testcase name="C983_UserdownloadsalocationfileinXLSXformat" time="7.494" classname="com.qa.IgniteTestcases.FilesPageTest"/>
  <testcase name="C767_VerifyallUIelementarepresent" time="7.124" classname="com.qa.IgniteTestcases.FilesPageTest"/>
  <testcase name="C768_VerifyallUIelementarepresent" time="8.669" classname="com.qa.IgniteTestcases.FilesPageTest"/>
  <testcase name="Verify_C999_Verifywhenuserviewhistoryaftersuccessfullocationfileupload" time="33.037" classname="com.qa.IgniteTestcases.FilesPageTest">
    <error type="org.openqa.selenium.NoSuchElementException" message="no such element: Unable to locate element: {&quot;method&quot;:&quot;xpath&quot;,&quot;selector&quot;:&quot;//div[@id=&#039;MainWrap&#039;]//tr[2]//td[contains(text(),&#039;ayadav@where2getit.com&#039;)]&quot;}
  (Session info: chrome=73.0.3683.103)
  (Driver info: chromedriver=2.46.628402 (536cd7adbad73a3783fdc2cab92ab2ba7ec361e1),platform=Windows NT 6.1.7601 SP1 x86_64) (WARNING: The server did not provide any stacktrace information)
Command duration or timeout: 0 milliseconds
For documentation on this error, please visit: https://www.seleniumhq.org/exceptions/no_such_element.html
Build info: version: &#039;3.141.59&#039;, revision: &#039;e82be7d358&#039;, time: &#039;2018-11-14T08:25:53&#039;
System info: host: &#039;TESTRIQ-L17&#039;, ip: &#039;192.168.0.107&#039;, os.name: &#039;Windows 7&#039;, os.arch: &#039;amd64&#039;, os.version: &#039;6.1&#039;, java.version: &#039;1.8.0_161&#039;
Driver info: org.openqa.selenium.chrome.ChromeDriver
Capabilities {acceptInsecureCerts: false, acceptSslCerts: false, applicationCacheEnabled: false, browserConnectionEnabled: false, browserName: chrome, chrome: {chromedriverVersion: 2.46.628402 (536cd7adbad73a..., userDataDir: C:\Users\PRAMOD~1.SHI\AppDa...}, cssSelectorsEnabled: true, databaseEnabled: false, goog:chromeOptions: {debuggerAddress: localhost:50184}, handlesAlerts: true, hasTouchScreen: false, javascriptEnabled: true, locationContextEnabled: true, mobileEmulationEnabled: false, nativeEvents: true, networkConnectionEnabled: false, pageLoadStrategy: none, platform: XP, platformName: XP, proxy: Proxy(), rotatable: false, setWindowRect: true, strictFileInteractability: false, takesHeapSnapshot: true, takesScreenshot: true, timeouts: {implicit: 0, pageLoad: 300000, script: 30000}, unexpectedAlertBehaviour: ignore, unhandledPromptBehavior: ignore, version: 73.0.3683.103, webStorageEnabled: true}
Session ID: 5eb5ce7fc2a71776621233fc149739e9
*** Element info: {Using=xpath, value=//div[@id=&#039;MainWrap&#039;]//tr[2]//td[contains(text(),&#039;ayadav@where2getit.com&#039;)]}">
      <![CDATA[org.openqa.selenium.NoSuchElementException: no such element: Unable to locate element: {"method":"xpath","selector":"//div[@id='MainWrap']//tr[2]//td[contains(text(),'ayadav@where2getit.com')]"}
  (Session info: chrome=73.0.3683.103)
  (Driver info: chromedriver=2.46.628402 (536cd7adbad73a3783fdc2cab92ab2ba7ec361e1),platform=Windows NT 6.1.7601 SP1 x86_64) (WARNING: The server did not provide any stacktrace information)
Command duration or timeout: 0 milliseconds
For documentation on this error, please visit: https://www.seleniumhq.org/exceptions/no_such_element.html
Build info: version: '3.141.59', revision: 'e82be7d358', time: '2018-11-14T08:25:53'
System info: host: 'TESTRIQ-L17', ip: '192.168.0.107', os.name: 'Windows 7', os.arch: 'amd64', os.version: '6.1', java.version: '1.8.0_161'
Driver info: org.openqa.selenium.chrome.ChromeDriver
Capabilities {acceptInsecureCerts: false, acceptSslCerts: false, applicationCacheEnabled: false, browserConnectionEnabled: false, browserName: chrome, chrome: {chromedriverVersion: 2.46.628402 (536cd7adbad73a..., userDataDir: C:\Users\PRAMOD~1.SHI\AppDa...}, cssSelectorsEnabled: true, databaseEnabled: false, goog:chromeOptions: {debuggerAddress: localhost:50184}, handlesAlerts: true, hasTouchScreen: false, javascriptEnabled: true, locationContextEnabled: true, mobileEmulationEnabled: false, nativeEvents: true, networkConnectionEnabled: false, pageLoadStrategy: none, platform: XP, platformName: XP, proxy: Proxy(), rotatable: false, setWindowRect: true, strictFileInteractability: false, takesHeapSnapshot: true, takesScreenshot: true, timeouts: {implicit: 0, pageLoad: 300000, script: 30000}, unexpectedAlertBehaviour: ignore, unhandledPromptBehavior: ignore, version: 73.0.3683.103, webStorageEnabled: true}
Session ID: 5eb5ce7fc2a71776621233fc149739e9
*** Element info: {Using=xpath, value=//div[@id='MainWrap']//tr[2]//td[contains(text(),'ayadav@where2getit.com')]}
at sun.reflect.NativeConstructorAccessorImpl.newInstance0(Native Method)
at sun.reflect.NativeConstructorAccessorImpl.newInstance(NativeConstructorAccessorImpl.java:62)
at sun.reflect.DelegatingConstructorAccessorImpl.newInstance(DelegatingConstructorAccessorImpl.java:45)
at java.lang.reflect.Constructor.newInstance(Constructor.java:423)
at org.openqa.selenium.remote.ErrorHandler.createThrowable(ErrorHandler.java:214)
at org.openqa.selenium.remote.ErrorHandler.throwIfResponseFailed(ErrorHandler.java:166)
at org.openqa.selenium.remote.http.JsonHttpResponseCodec.reconstructValue(JsonHttpResponseCodec.java:40)
at org.openqa.selenium.remote.http.AbstractHttpResponseCodec.decode(AbstractHttpResponseCodec.java:80)
at org.openqa.selenium.remote.http.AbstractHttpResponseCodec.decode(AbstractHttpResponseCodec.java:44)
at org.openqa.selenium.remote.HttpCommandExecutor.execute(HttpCommandExecutor.java:158)
at org.openqa.selenium.remote.service.DriverCommandExecutor.execute(DriverCommandExecutor.java:83)
at org.openqa.selenium.remote.RemoteWebDriver.execute(RemoteWebDriver.java:552)
at org.openqa.selenium.remote.RemoteWebDriver.findElement(RemoteWebDriver.java:323)
at org.openqa.selenium.remote.RemoteWebDriver.findElementByXPath(RemoteWebDriver.java:428)
at org.openqa.selenium.By$ByXPath.findElement(By.java:353)
at org.openqa.selenium.remote.RemoteWebDriver.findElement(RemoteWebDriver.java:315)
at com.qa.IgnitePages.FilesPage.Verify_C999_Verifywhenuserviewhistoryaftersuccessfullocationfileupload(FilesPage.java:1182)
at com.qa.IgniteTestcases.FilesPageTest.Verify_C999_Verifywhenuserviewhistoryaftersuccessfullocationfileupload(FilesPageTest.java:195)
at sun.reflect.NativeMethodAccessorImpl.invoke0(Native Method)
at sun.reflect.NativeMethodAccessorImpl.invoke(NativeMethodAccessorImpl.java:62)
at sun.reflect.DelegatingMethodAccessorImpl.invoke(DelegatingMethodAccessorImpl.java:43)
at java.lang.reflect.Method.invoke(Method.java:498)
at org.testng.internal.MethodInvocationHelper.invokeMethod(MethodInvocationHelper.java:124)
at org.testng.internal.Invoker.invokeMethod(Invoker.java:583)
at org.testng.internal.Invoker.invokeTestMethod(Invoker.java:719)
at org.testng.internal.Invoker.invokeTestMethods(Invoker.java:989)
at org.testng.internal.TestMethodWorker.invokeTestMethods(TestMethodWorker.java:124)
at org.testng.internal.TestMethodWorker.run(TestMethodWorker.java:109)
at org.testng.TestRunner.privateRun(TestRunner.java:648)
at org.testng.TestRunner.run(TestRunner.java:505)
at org.testng.SuiteRunner.runTest(SuiteRunner.java:455)
at org.testng.SuiteRunner.runSequentially(SuiteRunner.java:450)
at org.testng.SuiteRunner.privateRun(SuiteRunner.java:415)
at org.testng.SuiteRunner.run(SuiteRunner.java:364)
at org.testng.SuiteRunnerWorker.runSuite(SuiteRunnerWorker.java:52)
at org.testng.SuiteRunnerWorker.run(SuiteRunnerWorker.java:84)
at org.testng.TestNG.runSuitesSequentially(TestNG.java:1208)
at org.testng.TestNG.runSuitesLocally(TestNG.java:1137)
at org.testng.TestNG.runSuites(TestNG.java:1049)
at org.testng.TestNG.run(TestNG.java:1017)
at org.testng.remote.AbstractRemoteTestNG.run(AbstractRemoteTestNG.java:114)
at org.testng.remote.RemoteTestNG.initAndRun(RemoteTestNG.java:251)
at org.testng.remote.RemoteTestNG.main(RemoteTestNG.java:77)
]]>
    </error>
  </testcase> <!-- Verify_C999_Verifywhenuserviewhistoryaftersuccessfullocationfileupload -->
  <testcase name="C769_VerifyallUIelementarepresent" time="20.869" classname="com.qa.IgniteTestcases.FilesPageTest"/>
  <testcase name="C770_VerifyallUIelementarepresent" time="7.031" classname="com.qa.IgniteTestcases.FilesPageTest"/>
  <testcase name="C1000_Verifyeachtab" time="3.201" classname="com.qa.IgniteTestcases.FilesPageTest"/>
  <testcase name="C1001_Verify_Start_tab" time="3.304" classname="com.qa.IgniteTestcases.FilesPageTest"/>
  <testcase name="C1002_Verify_FileSetup_tab" time="6.000" classname="com.qa.IgniteTestcases.FilesPageTest"/>
  <testcase name="C1003_Verify_Options_tab" time="6.006" classname="com.qa.IgniteTestcases.FilesPageTest"/>
  <testcase name="C1004_Verify_Submit_tab" time="5.900" classname="com.qa.IgniteTestcases.FilesPageTest"/>
  <testcase name="C771_VerifyallUIelementarepresent" time="10.904" classname="com.qa.IgniteTestcases.FilesPageTest"/>
  <testcase name="C772_VerifyallUIelementarepresent" time="7.550" classname="com.qa.IgniteTestcases.FilesPageTest"/>
  <testcase name="C773_VerifyallUIelementarepresent" time="12.520" classname="com.qa.IgniteTestcases.FilesPageTest"/>
  <testcase name="C774_VerifyallUIelementarepresent" time="6.976" classname="com.qa.IgniteTestcases.FilesPageTest"/>
</testsuite> <!-- com.qa.IgniteTestcases.FilesPageTest -->
