<?xml version="1.0" encoding="UTF-8"?>
<!-- Generated by org.testng.reporters.JUnitReportReporter -->
<testsuite skipped="0" hostname="Testriq-L17" name="com.qa.Prod_IgniteUIPageTestcases.Prod_LeadsPageTest" tests="35" failures="0" timestamp="05 Jun 2020 13:20:38 GMT" time="522.428" errors="2">
  <testcase name="clickOnProd_DefaultLocationAndGeostixAutomation" time="17.202" classname="com.qa.Prod_IgniteUIPageTestcases.Prod_LeadsPageTest"/>
  <testcase name="C1551_VerifyClickonLeadsTab" time="6.856" classname="com.qa.Prod_IgniteUIPageTestcases.Prod_LeadsPageTest"/>
  <testcase name="C1514_Manager_VerifyallUIelementarepresent" time="3.630" classname="com.qa.Prod_IgniteUIPageTestcases.Prod_LeadsPageTest"/>
  <testcase name="C1517_Manager_EditCampaign" time="55.791" classname="com.qa.Prod_IgniteUIPageTestcases.Prod_LeadsPageTest"/>
  <testcase name="C1518_Manager_VerifyViewSubscriberslink" time="12.592" classname="com.qa.Prod_IgniteUIPageTestcases.Prod_LeadsPageTest"/>
  <testcase name="C1519_Subscribers_VerifyallUIelementarepresent" time="6.836" classname="com.qa.Prod_IgniteUIPageTestcases.Prod_LeadsPageTest"/>
  <testcase name="C1520_Subscribers_VerifyAddSubscriberform" time="5.289" classname="com.qa.Prod_IgniteUIPageTestcases.Prod_LeadsPageTest"/>
  <testcase name="C1521_Subscribers_Addnewsubscriber" time="13.598" classname="com.qa.Prod_IgniteUIPageTestcases.Prod_LeadsPageTest"/>
  <testcase name="C1522_Subscribers_Searchsubscriber" time="5.163" classname="com.qa.Prod_IgniteUIPageTestcases.Prod_LeadsPageTest">
    <error type="org.openqa.selenium.WebDriverException" message="unknown error: Element &lt;a action=&quot;search_leads&quot; class=&quot;LeftEndGrayButton&quot;&gt;...&lt;/a&gt; is not clickable at point (242, 242). Other element would receive the click: &lt;div id=&quot;lightwindow_overlay&quot; style=&quot;opacity: 0.7; background-image: url(&amp;quot;/w2gi/images/lightwindow/black.png&amp;quot;); background-repeat: repeat; position: fixed; height: 657px; display: block; visibility: visible;&quot;&gt;&lt;/div&gt;
  (Session info: chrome=73.0.3683.103)
  (Driver info: chromedriver=2.46.628402 (536cd7adbad73a3783fdc2cab92ab2ba7ec361e1),platform=Windows NT 6.1.7601 SP1 x86_64) (WARNING: The server did not provide any stacktrace information)
Command duration or timeout: 0 milliseconds
Build info: version: &#039;3.141.59&#039;, revision: &#039;e82be7d358&#039;, time: &#039;2018-11-14T08:25:53&#039;
System info: host: &#039;TESTRIQ-L17&#039;, ip: &#039;192.168.0.108&#039;, os.name: &#039;Windows 7&#039;, os.arch: &#039;amd64&#039;, os.version: &#039;6.1&#039;, java.version: &#039;1.8.0_161&#039;
Driver info: org.openqa.selenium.chrome.ChromeDriver
Capabilities {acceptInsecureCerts: false, acceptSslCerts: false, applicationCacheEnabled: false, browserConnectionEnabled: false, browserName: chrome, chrome: {chromedriverVersion: 2.46.628402 (536cd7adbad73a..., userDataDir: C:\Users\PRAMOD~1.SHI\AppDa...}, cssSelectorsEnabled: true, databaseEnabled: false, goog:chromeOptions: {debuggerAddress: localhost:53847}, handlesAlerts: true, hasTouchScreen: false, javascriptEnabled: true, locationContextEnabled: true, mobileEmulationEnabled: false, nativeEvents: true, networkConnectionEnabled: false, pageLoadStrategy: none, platform: XP, platformName: XP, proxy: Proxy(), rotatable: false, setWindowRect: true, strictFileInteractability: false, takesHeapSnapshot: true, takesScreenshot: true, timeouts: {implicit: 0, pageLoad: 300000, script: 30000}, unexpectedAlertBehaviour: ignore, unhandledPromptBehavior: ignore, version: 73.0.3683.103, webStorageEnabled: true}
Session ID: a7225843e96a6b306640098097c24b0c">
      <![CDATA[org.openqa.selenium.WebDriverException: unknown error: Element <a action="search_leads" class="LeftEndGrayButton">...</a> is not clickable at point (242, 242). Other element would receive the click: <div id="lightwindow_overlay" style="opacity: 0.7; background-image: url(&quot;/w2gi/images/lightwindow/black.png&quot;); background-repeat: repeat; position: fixed; height: 657px; display: block; visibility: visible;"></div>
  (Session info: chrome=73.0.3683.103)
  (Driver info: chromedriver=2.46.628402 (536cd7adbad73a3783fdc2cab92ab2ba7ec361e1),platform=Windows NT 6.1.7601 SP1 x86_64) (WARNING: The server did not provide any stacktrace information)
Command duration or timeout: 0 milliseconds
Build info: version: '3.141.59', revision: 'e82be7d358', time: '2018-11-14T08:25:53'
System info: host: 'TESTRIQ-L17', ip: '192.168.0.108', os.name: 'Windows 7', os.arch: 'amd64', os.version: '6.1', java.version: '1.8.0_161'
Driver info: org.openqa.selenium.chrome.ChromeDriver
Capabilities {acceptInsecureCerts: false, acceptSslCerts: false, applicationCacheEnabled: false, browserConnectionEnabled: false, browserName: chrome, chrome: {chromedriverVersion: 2.46.628402 (536cd7adbad73a..., userDataDir: C:\Users\PRAMOD~1.SHI\AppDa...}, cssSelectorsEnabled: true, databaseEnabled: false, goog:chromeOptions: {debuggerAddress: localhost:53847}, handlesAlerts: true, hasTouchScreen: false, javascriptEnabled: true, locationContextEnabled: true, mobileEmulationEnabled: false, nativeEvents: true, networkConnectionEnabled: false, pageLoadStrategy: none, platform: XP, platformName: XP, proxy: Proxy(), rotatable: false, setWindowRect: true, strictFileInteractability: false, takesHeapSnapshot: true, takesScreenshot: true, timeouts: {implicit: 0, pageLoad: 300000, script: 30000}, unexpectedAlertBehaviour: ignore, unhandledPromptBehavior: ignore, version: 73.0.3683.103, webStorageEnabled: true}
Session ID: a7225843e96a6b306640098097c24b0c
at sun.reflect.NativeConstructorAccessorImpl.newInstance0(Native Method)
at sun.reflect.NativeConstructorAccessorImpl.newInstance(NativeConstructorAccessorImpl.java:62)
at sun.reflect.DelegatingConstructorAccessorImpl.newInstance(DelegatingConstructorAccessorImpl.java:45)
at java.lang.reflect.Constructor.newInstance(Constructor.java:423)
at org.openqa.selenium.remote.ErrorHandler.createThrowable(ErrorHandler.java:214)
at org.openqa.selenium.remote.ErrorHandler.throwIfResponseFailed(ErrorHandler.java:166)
at org.openqa.selenium.remote.http.JsonHttpResponseCodec.reconstructValue(JsonHttpResponseCodec.java:40)
at org.openqa.selenium.remote.http.AbstractHttpResponseCodec.decode(AbstractHttpResponseCodec.java:80)
at org.openqa.selenium.remote.http.AbstractHttpResponseCodec.decode(AbstractHttpResponseCodec.java:44)
at org.openqa.selenium.remote.HttpCommandExecutor.execute(HttpCommandExecutor.java:158)
at org.openqa.selenium.remote.service.DriverCommandExecutor.execute(DriverCommandExecutor.java:83)
at org.openqa.selenium.remote.RemoteWebDriver.execute(RemoteWebDriver.java:552)
at org.openqa.selenium.remote.RemoteWebElement.execute(RemoteWebElement.java:285)
at org.openqa.selenium.remote.RemoteWebElement.click(RemoteWebElement.java:84)
at com.qa.Prod_IgniteUIPage.Prod_LeadsPage.C1522_Subscribers_Searchsubscriber(Prod_LeadsPage.java:513)
at com.qa.Prod_IgniteUIPageTestcases.Prod_LeadsPageTest.C1522_Subscribers_Searchsubscriber(Prod_LeadsPageTest.java:94)
at sun.reflect.NativeMethodAccessorImpl.invoke0(Native Method)
at sun.reflect.NativeMethodAccessorImpl.invoke(NativeMethodAccessorImpl.java:62)
at sun.reflect.DelegatingMethodAccessorImpl.invoke(DelegatingMethodAccessorImpl.java:43)
at java.lang.reflect.Method.invoke(Method.java:498)
at org.testng.internal.MethodInvocationHelper.invokeMethod(MethodInvocationHelper.java:124)
at org.testng.internal.Invoker.invokeMethod(Invoker.java:583)
at org.testng.internal.Invoker.invokeTestMethod(Invoker.java:719)
at org.testng.internal.Invoker.invokeTestMethods(Invoker.java:989)
at org.testng.internal.TestMethodWorker.invokeTestMethods(TestMethodWorker.java:124)
at org.testng.internal.TestMethodWorker.run(TestMethodWorker.java:109)
at org.testng.TestRunner.privateRun(TestRunner.java:648)
at org.testng.TestRunner.run(TestRunner.java:505)
at org.testng.SuiteRunner.runTest(SuiteRunner.java:455)
at org.testng.SuiteRunner.runSequentially(SuiteRunner.java:450)
at org.testng.SuiteRunner.privateRun(SuiteRunner.java:415)
at org.testng.SuiteRunner.run(SuiteRunner.java:364)
at org.testng.SuiteRunnerWorker.runSuite(SuiteRunnerWorker.java:52)
at org.testng.SuiteRunnerWorker.run(SuiteRunnerWorker.java:84)
at org.testng.TestNG.runSuitesSequentially(TestNG.java:1208)
at org.testng.TestNG.runSuitesLocally(TestNG.java:1137)
at org.testng.TestNG.runSuites(TestNG.java:1049)
at org.testng.TestNG.run(TestNG.java:1017)
at org.testng.remote.AbstractRemoteTestNG.run(AbstractRemoteTestNG.java:114)
at org.testng.remote.RemoteTestNG.initAndRun(RemoteTestNG.java:251)
at org.testng.remote.RemoteTestNG.main(RemoteTestNG.java:77)
]]>
    </error>
  </testcase> <!-- C1522_Subscribers_Searchsubscriber -->
  <testcase name="C1523_Subscribers_Searchsubscriber_nosearchresults" time="5.079" classname="com.qa.Prod_IgniteUIPageTestcases.Prod_LeadsPageTest">
    <error type="org.openqa.selenium.WebDriverException" message="unknown error: Element &lt;a action=&quot;search_leads&quot; class=&quot;LeftEndGrayButton&quot;&gt;...&lt;/a&gt; is not clickable at point (242, 242). Other element would receive the click: &lt;div id=&quot;lightwindow_overlay&quot; style=&quot;opacity: 0.7; background-image: url(&amp;quot;/w2gi/images/lightwindow/black.png&amp;quot;); background-repeat: repeat; position: fixed; height: 657px; display: block; visibility: visible;&quot;&gt;&lt;/div&gt;
  (Session info: chrome=73.0.3683.103)
  (Driver info: chromedriver=2.46.628402 (536cd7adbad73a3783fdc2cab92ab2ba7ec361e1),platform=Windows NT 6.1.7601 SP1 x86_64) (WARNING: The server did not provide any stacktrace information)
Command duration or timeout: 0 milliseconds
Build info: version: &#039;3.141.59&#039;, revision: &#039;e82be7d358&#039;, time: &#039;2018-11-14T08:25:53&#039;
System info: host: &#039;TESTRIQ-L17&#039;, ip: &#039;192.168.0.108&#039;, os.name: &#039;Windows 7&#039;, os.arch: &#039;amd64&#039;, os.version: &#039;6.1&#039;, java.version: &#039;1.8.0_161&#039;
Driver info: org.openqa.selenium.chrome.ChromeDriver
Capabilities {acceptInsecureCerts: false, acceptSslCerts: false, applicationCacheEnabled: false, browserConnectionEnabled: false, browserName: chrome, chrome: {chromedriverVersion: 2.46.628402 (536cd7adbad73a..., userDataDir: C:\Users\PRAMOD~1.SHI\AppDa...}, cssSelectorsEnabled: true, databaseEnabled: false, goog:chromeOptions: {debuggerAddress: localhost:53847}, handlesAlerts: true, hasTouchScreen: false, javascriptEnabled: true, locationContextEnabled: true, mobileEmulationEnabled: false, nativeEvents: true, networkConnectionEnabled: false, pageLoadStrategy: none, platform: XP, platformName: XP, proxy: Proxy(), rotatable: false, setWindowRect: true, strictFileInteractability: false, takesHeapSnapshot: true, takesScreenshot: true, timeouts: {implicit: 0, pageLoad: 300000, script: 30000}, unexpectedAlertBehaviour: ignore, unhandledPromptBehavior: ignore, version: 73.0.3683.103, webStorageEnabled: true}
Session ID: a7225843e96a6b306640098097c24b0c">
      <![CDATA[org.openqa.selenium.WebDriverException: unknown error: Element <a action="search_leads" class="LeftEndGrayButton">...</a> is not clickable at point (242, 242). Other element would receive the click: <div id="lightwindow_overlay" style="opacity: 0.7; background-image: url(&quot;/w2gi/images/lightwindow/black.png&quot;); background-repeat: repeat; position: fixed; height: 657px; display: block; visibility: visible;"></div>
  (Session info: chrome=73.0.3683.103)
  (Driver info: chromedriver=2.46.628402 (536cd7adbad73a3783fdc2cab92ab2ba7ec361e1),platform=Windows NT 6.1.7601 SP1 x86_64) (WARNING: The server did not provide any stacktrace information)
Command duration or timeout: 0 milliseconds
Build info: version: '3.141.59', revision: 'e82be7d358', time: '2018-11-14T08:25:53'
System info: host: 'TESTRIQ-L17', ip: '192.168.0.108', os.name: 'Windows 7', os.arch: 'amd64', os.version: '6.1', java.version: '1.8.0_161'
Driver info: org.openqa.selenium.chrome.ChromeDriver
Capabilities {acceptInsecureCerts: false, acceptSslCerts: false, applicationCacheEnabled: false, browserConnectionEnabled: false, browserName: chrome, chrome: {chromedriverVersion: 2.46.628402 (536cd7adbad73a..., userDataDir: C:\Users\PRAMOD~1.SHI\AppDa...}, cssSelectorsEnabled: true, databaseEnabled: false, goog:chromeOptions: {debuggerAddress: localhost:53847}, handlesAlerts: true, hasTouchScreen: false, javascriptEnabled: true, locationContextEnabled: true, mobileEmulationEnabled: false, nativeEvents: true, networkConnectionEnabled: false, pageLoadStrategy: none, platform: XP, platformName: XP, proxy: Proxy(), rotatable: false, setWindowRect: true, strictFileInteractability: false, takesHeapSnapshot: true, takesScreenshot: true, timeouts: {implicit: 0, pageLoad: 300000, script: 30000}, unexpectedAlertBehaviour: ignore, unhandledPromptBehavior: ignore, version: 73.0.3683.103, webStorageEnabled: true}
Session ID: a7225843e96a6b306640098097c24b0c
at sun.reflect.NativeConstructorAccessorImpl.newInstance0(Native Method)
at sun.reflect.NativeConstructorAccessorImpl.newInstance(NativeConstructorAccessorImpl.java:62)
at sun.reflect.DelegatingConstructorAccessorImpl.newInstance(DelegatingConstructorAccessorImpl.java:45)
at java.lang.reflect.Constructor.newInstance(Constructor.java:423)
at org.openqa.selenium.remote.ErrorHandler.createThrowable(ErrorHandler.java:214)
at org.openqa.selenium.remote.ErrorHandler.throwIfResponseFailed(ErrorHandler.java:166)
at org.openqa.selenium.remote.http.JsonHttpResponseCodec.reconstructValue(JsonHttpResponseCodec.java:40)
at org.openqa.selenium.remote.http.AbstractHttpResponseCodec.decode(AbstractHttpResponseCodec.java:80)
at org.openqa.selenium.remote.http.AbstractHttpResponseCodec.decode(AbstractHttpResponseCodec.java:44)
at org.openqa.selenium.remote.HttpCommandExecutor.execute(HttpCommandExecutor.java:158)
at org.openqa.selenium.remote.service.DriverCommandExecutor.execute(DriverCommandExecutor.java:83)
at org.openqa.selenium.remote.RemoteWebDriver.execute(RemoteWebDriver.java:552)
at org.openqa.selenium.remote.RemoteWebElement.execute(RemoteWebElement.java:285)
at org.openqa.selenium.remote.RemoteWebElement.click(RemoteWebElement.java:84)
at com.qa.Prod_IgniteUIPage.Prod_LeadsPage.C1523_Subscribers_Searchsubscriber_nosearchresults(Prod_LeadsPage.java:549)
at com.qa.Prod_IgniteUIPageTestcases.Prod_LeadsPageTest.C1523_Subscribers_Searchsubscriber_nosearchresults(Prod_LeadsPageTest.java:101)
at sun.reflect.NativeMethodAccessorImpl.invoke0(Native Method)
at sun.reflect.NativeMethodAccessorImpl.invoke(NativeMethodAccessorImpl.java:62)
at sun.reflect.DelegatingMethodAccessorImpl.invoke(DelegatingMethodAccessorImpl.java:43)
at java.lang.reflect.Method.invoke(Method.java:498)
at org.testng.internal.MethodInvocationHelper.invokeMethod(MethodInvocationHelper.java:124)
at org.testng.internal.Invoker.invokeMethod(Invoker.java:583)
at org.testng.internal.Invoker.invokeTestMethod(Invoker.java:719)
at org.testng.internal.Invoker.invokeTestMethods(Invoker.java:989)
at org.testng.internal.TestMethodWorker.invokeTestMethods(TestMethodWorker.java:124)
at org.testng.internal.TestMethodWorker.run(TestMethodWorker.java:109)
at org.testng.TestRunner.privateRun(TestRunner.java:648)
at org.testng.TestRunner.run(TestRunner.java:505)
at org.testng.SuiteRunner.runTest(SuiteRunner.java:455)
at org.testng.SuiteRunner.runSequentially(SuiteRunner.java:450)
at org.testng.SuiteRunner.privateRun(SuiteRunner.java:415)
at org.testng.SuiteRunner.run(SuiteRunner.java:364)
at org.testng.SuiteRunnerWorker.runSuite(SuiteRunnerWorker.java:52)
at org.testng.SuiteRunnerWorker.run(SuiteRunnerWorker.java:84)
at org.testng.TestNG.runSuitesSequentially(TestNG.java:1208)
at org.testng.TestNG.runSuitesLocally(TestNG.java:1137)
at org.testng.TestNG.runSuites(TestNG.java:1049)
at org.testng.TestNG.run(TestNG.java:1017)
at org.testng.remote.AbstractRemoteTestNG.run(AbstractRemoteTestNG.java:114)
at org.testng.remote.RemoteTestNG.initAndRun(RemoteTestNG.java:251)
at org.testng.remote.RemoteTestNG.main(RemoteTestNG.java:77)
]]>
    </error>
  </testcase> <!-- C1523_Subscribers_Searchsubscriber_nosearchresults -->
  <testcase name="C1524_Subscribers_VerifyEditthisCampaignbutton" time="3.001" classname="com.qa.Prod_IgniteUIPageTestcases.Prod_LeadsPageTest"/>
  <testcase name="C1525_Subscribers_TypesofDownloadbuttons" time="13.457" classname="com.qa.Prod_IgniteUIPageTestcases.Prod_LeadsPageTest"/>
  <testcase name="C1527_Subscribers_Download_tab" time="19.019" classname="com.qa.Prod_IgniteUIPageTestcases.Prod_LeadsPageTest"/>
  <testcase name="C1528_Subscribers_Download_xls" time="17.086" classname="com.qa.Prod_IgniteUIPageTestcases.Prod_LeadsPageTest"/>
  <testcase name="C1529_Subscribers_Verifyaddnewsubscriberwithduplicateemailaddres" time="17.072" classname="com.qa.Prod_IgniteUIPageTestcases.Prod_LeadsPageTest"/>
  <testcase name="C1530_Subscribers_Editsubscriber" time="13.939" classname="com.qa.Prod_IgniteUIPageTestcases.Prod_LeadsPageTest"/>
  <testcase name="C1531_Subscribers_Deletesubscriber" time="11.635" classname="com.qa.Prod_IgniteUIPageTestcases.Prod_LeadsPageTest"/>
  <testcase name="C1532_Messages_VerifyallUIelementarepresent" time="6.232" classname="com.qa.Prod_IgniteUIPageTestcases.Prod_LeadsPageTest"/>
  <testcase name="C1533_Messages_VerifyMessages_ConfigureMessagetab" time="3.372" classname="com.qa.Prod_IgniteUIPageTestcases.Prod_LeadsPageTest"/>
  <testcase name="C1534_Messages_VerifyMessages_ScheduleMessagetab" time="5.504" classname="com.qa.Prod_IgniteUIPageTestcases.Prod_LeadsPageTest"/>
  <testcase name="C1535_Messages_VerifyMessages_ComposeMessagetab" time="5.722" classname="com.qa.Prod_IgniteUIPageTestcases.Prod_LeadsPageTest"/>
  <testcase name="C1536_Messages_VerifySelectType_Email" time="8.280" classname="com.qa.Prod_IgniteUIPageTestcases.Prod_LeadsPageTest"/>
  <testcase name="C1537_Messages_VerifySelectType_SMSFaxVoicemailFormValidationMobileMessageandEmailPlainText" time="3.000" classname="com.qa.Prod_IgniteUIPageTestcases.Prod_LeadsPageTest"/>
  <testcase name="C1538_Messages_AddaMessage_Email" time="16.145" classname="com.qa.Prod_IgniteUIPageTestcases.Prod_LeadsPageTest"/>
  <testcase name="C1539_Messages_AddaMessage_Voicemail" time="21.638" classname="com.qa.Prod_IgniteUIPageTestcases.Prod_LeadsPageTest"/>
  <testcase name="C1540_Messages_AddaMessage_SMS" time="21.603" classname="com.qa.Prod_IgniteUIPageTestcases.Prod_LeadsPageTest"/>
  <testcase name="C1541_Messages_AddaMessage_Fax" time="21.519" classname="com.qa.Prod_IgniteUIPageTestcases.Prod_LeadsPageTest"/>
  <testcase name="C1542_Messages_AddaMessage_FormValidation" time="21.547" classname="com.qa.Prod_IgniteUIPageTestcases.Prod_LeadsPageTest"/>
  <testcase name="C1543_Messages_EditaMessage" time="21.883" classname="com.qa.Prod_IgniteUIPageTestcases.Prod_LeadsPageTest"/>
  <testcase name="C1544_Messages_DeleteaMessage" time="62.367" classname="com.qa.Prod_IgniteUIPageTestcases.Prod_LeadsPageTest"/>
  <testcase name="C1545_Campaigns_VerifyallUIelementarepresent" time="9.900" classname="com.qa.Prod_IgniteUIPageTestcases.Prod_LeadsPageTest"/>
  <testcase name="C1546_Campaigns_EndCampaign" time="15.996" classname="com.qa.Prod_IgniteUIPageTestcases.Prod_LeadsPageTest"/>
  <testcase name="C1547_Campaigns_StartCampaign" time="25.141" classname="com.qa.Prod_IgniteUIPageTestcases.Prod_LeadsPageTest"/>
  <testcase name="C1548_Campaigns_ClickViewSubscriberlinkfromEditCampaignform" time="18.551" classname="com.qa.Prod_IgniteUIPageTestcases.Prod_LeadsPageTest"/>
  <testcase name="C1549_BatchSMS_VerifyallUIelementarepresent" time="6.783" classname="com.qa.Prod_IgniteUIPageTestcases.Prod_LeadsPageTest"/>
</testsuite> <!-- com.qa.Prod_IgniteUIPageTestcases.Prod_LeadsPageTest -->
